picocom v2024-07

port is        : /dev/ttyACM1
flowcontrol    : none
baudrate is    : 115200
parity is      : none
databits are   : 8
stopbits are   : 1
txdelay is     : 0 ns
escape is      : C-a
local echo is  : no
noinit is      : no
noreset is     : no
hangup is      : no
nolock is      : no
send_cmd is    : sz -vv
receive_cmd is : rz -vv -E
imap is        : 
omap is        : 
emap is        : crcrlf,delbs,
logfile is     : none
initstring     : none
exit_after is  : not set
exit is        : no
minimal cmds is: no

!! STDIN is not a TTY !! Continue anyway...
Type [C-a] [C-h] to see available commands
Terminal ready

** read zero bytes from stdin **

Terminating...
Thanks for using picocom
